<?xml version="1.0" encoding="UTF-8"?>
<!-- Generated by org.testng.reporters.JUnitReportReporter -->
<testsuite hostname="DESKTOP-R2SNQHJ" failures="0" tests="1" name="testscripts.reportTest" time="7.747" errors="0" timestamp="2023-12-29T11:54:49 IST" skipped="0">
  <testcase classname="testscripts.reportTest" name="reportTest1" time="7.747"/>
  <system-out>
    <![CDATA[connect to datebase
before test
Before class
Login
Log out
After class
After test
Close connection to database]]>
  </system-out>
</testsuite> <!-- testscripts.reportTest -->
