<?xml version="1.0" encoding="UTF-8"?>
<!-- Generated by org.testng.reporters.JUnitReportReporter -->
<testsuite hostname="DESKTOP-R2SNQHJ" failures="0" tests="1" name="testscripts.BooksTest" time="4.118" errors="0" timestamp="2023-12-28T14:32:47 IST" skipped="0">
  <testcase classname="testscripts.BooksTest" name="verifyBookPage_001" time="4.118">
    <system-out>
      <![CDATA[Verify books page
Test case Completed and it passed ]]>
    </system-out>
  </testcase> <!-- verifyBookPage_001 -->
  <system-out>
    <![CDATA[connect to datebase
before test
Before class
Login
Verify books page
Test case Completed and it passed 
Log out
After class
After test
Close connection to database]]>
  </system-out>
</testsuite> <!-- testscripts.BooksTest -->
